#
# A fatal error has been detected by the Java Runtime Environment:
#
#  EXCEPTION_ACCESS_VIOLATION (0xc0000005) at pc=0x77844db2, pid=28748, tid=30636
#
# JRE version:  (8.0_20-b26) (build )
# Java VM: Java HotSpot(TM) Client VM (25.20-b23 mixed mode windows-x86 )
# Problematic frame:
# C  [ntdll.dll+0x54db2]
#
# Failed to write core dump. Minidumps are not enabled by default on client versions of Windows
#
# If you would like to submit a bug report, please visit:
#   http://bugreport.sun.com/bugreport/crash.jsp
# The crash happened outside the Java Virtual Machine in native code.
# See problematic frame for where to report the bug.
#

---------------  T H R E A D  ---------------

Current thread (0x00b2c800):  JavaThread "main" [_thread_in_native, id=30636, stack(0x023d0000,0x02420000)]

siginfo: ExceptionCode=0xc0000005, reading address 0x75451008

Registers:
EAX=0x00000611, EBX=0x00000000, ECX=0x00140fe4, EDX=0x00007120
ESP=0x0241f2f8, EBP=0x0241f320, ESI=0x75310000, EDI=0x75450fe4
EIP=0x77844db2, EFLAGS=0x00010246

Top of Stack: (sp=0x0241f2f8)
0x0241f2f8:   00b93d18 00b93dc0 75310000 0000011c
0x0241f308:   0241f354 00000000 00007120 75450fe4
0x0241f318:   75310000 02434d4c 0241f428 77845197
0x0241f328:   00000000 0241f344 785bbc81 02434d4c
0x0241f338:   75310000 0000000a 02434d4c 00ffffff
0x0241f348:   00b93d18 00b93dc0 00000000 00000000
0x0241f358:   008d0800 00000003 0241f3ec 778310e9
0x0241f368:   0000001a 00000000 0242a7ce 0241f458 

Instructions: (pc=0x77844db2)
0x77844d92:   0f 84 45 8f fc ff f6 05 00 11 8f 77 05 0f 85 1a
0x77844da2:   40 05 00 32 c0 0f 85 54 8f fc ff 8b 47 18 33 db
0x77844db2:   8b 77 24 8b 57 20 8b 4d f8 03 f1 03 d1 89 75 e8
0x77844dc2:   89 55 ec 8d 78 ff 83 f8 ff 0f 87 12 40 05 00 85 


Register to memory mapping:

EAX=0x00000611 is an unknown value
EBX=0x00000000 is an unknown value
ECX=0x00140fe4 is an unknown value
EDX=0x00007120 is an unknown value
ESP=0x0241f2f8 is pointing into the stack for thread: 0x00b2c800
EBP=0x0241f320 is pointing into the stack for thread: 0x00b2c800
ESI=0x75310000 is an unknown value
EDI=0x75450fe4 is an unknown value


Stack: [0x023d0000,0x02420000],  sp=0x0241f2f8,  free space=316k
Native frames: (J=compiled Java code, j=interpreted, Vv=VM code, C=native code)
C  [ntdll.dll+0x54db2]
C  [ntdll.dll+0x55197]
C  [KERNELBASE.dll+0x12f60]
C  [KERNEL32.DLL+0x17b64]
C  [java.dll+0xa7ce]
C  0x00000000

Java frames: (J=compiled Java code, j=interpreted, Vv=VM code)
j  java.lang.System.initProperties(Ljava/util/Properties;)Ljava/util/Properties;+0
j  java.lang.System.initializeSystemClass()V+13
v  ~StubRoutines::call_stub

---------------  P R O C E S S  ---------------

Java Threads: ( => current thread )
  0x152a5400 JavaThread "Finalizer" daemon [_thread_blocked, id=30424, stack(0x154e0000,0x15530000)]
  0x0294e400 JavaThread "Reference Handler" daemon [_thread_blocked, id=28960, stack(0x14f90000,0x14fe0000)]
=>0x00b2c800 JavaThread "main" [_thread_in_native, id=30636, stack(0x023d0000,0x02420000)]

Other Threads:
  0x0294a800 VMThread [stack: 0x15020000,0x15070000] [id=30540]

VM state:not at safepoint (normal execution)

VM Mutex/Monitor currently owned by a thread: None

Heap:
 def new generation   total 4928K, used 176K [0x04a00000, 0x04f50000, 0x09f50000)
  eden space 4416K,   4% used [0x04a00000, 0x04a2c338, 0x04e50000)
  from space 512K,   0% used [0x04e50000, 0x04e50000, 0x04ed0000)
  to   space 512K,   0% used [0x04ed0000, 0x04ed0000, 0x04f50000)
 tenured generation   total 10944K, used 0K [0x09f50000, 0x0aa00000, 0x14a00000)
   the space 10944K,   0% used [0x09f50000, 0x09f50000, 0x09f50200, 0x0aa00000)
 Metaspace       used 579K, capacity 2240K, committed 2240K, reserved 4480K

Card table byte_map: [0x14a00000,0x14a90000] byte_map_base: 0x149db000

Polling page: 0x00b00000

CodeCache: size=32768Kb used=333Kb max_used=333Kb free=32434Kb
 bounds [0x02950000, 0x029a8000, 0x04950000]
 total_blobs=67 nmethods=0 adapters=45
 compilation: enabled

Compilation events (0 events):
No events

GC Heap History (0 events):
No events

Deoptimization events (0 events):
No events

Internal exceptions (0 events):
No events

Events (10 events):
Event: 0.024 loading class java/lang/ref/Finalizer$FinalizerThread done
Event: 0.025 Thread 0x152a5400 Thread added: 0x152a5400
Event: 0.025 loading class sun/misc/VM
Event: 0.025 loading class sun/misc/VM done
Event: 0.025 loading class java/util/Hashtable$Entry
Event: 0.025 loading class java/util/Map$Entry
Event: 0.025 loading class java/util/Map$Entry done
Event: 0.025 loading class java/util/Hashtable$Entry done
Event: 0.025 loading class java/lang/Math
Event: 0.025 loading class java/lang/Math done


Dynamic libraries:
0x009a0000 - 0x009d0000 	C:\Program Files (x86)\BlueJ\jdk\jre\bin\java.exe
0x777f0000 - 0x7795e000 	C:\WINDOWS\SYSTEM32\ntdll.dll
0x75310000 - 0x75450000 	C:\WINDOWS\SYSTEM32\KERNEL32.DLL
0x75110000 - 0x751e7000 	C:\WINDOWS\SYSTEM32\KERNELBASE.dll
0x6cf40000 - 0x6cfe0000 	C:\WINDOWS\system32\apphelp.dll
0x78db0000 - 0x79015000 	C:\WINDOWS\AppPatch\AcGenral.DLL
0x77140000 - 0x77203000 	C:\WINDOWS\SYSTEM32\msvcrt.dll
0x77210000 - 0x77251000 	C:\WINDOWS\SYSTEM32\sechost.dll
0x74ff0000 - 0x7500e000 	C:\WINDOWS\SYSTEM32\SspiCli.dll
0x76ac0000 - 0x76b05000 	C:\WINDOWS\SYSTEM32\SHLWAPI.dll
0x73640000 - 0x7372d000 	C:\WINDOWS\SYSTEM32\UxTheme.dll
0x75580000 - 0x756d3000 	C:\WINDOWS\SYSTEM32\USER32.dll
0x76ba0000 - 0x76cae000 	C:\WINDOWS\SYSTEM32\GDI32.dll
0x6ceb0000 - 0x6ced3000 	C:\WINDOWS\SYSTEM32\WINMM.dll
0x73730000 - 0x73743000 	C:\WINDOWS\SYSTEM32\samcli.dll
0x76990000 - 0x76ab8000 	C:\WINDOWS\SYSTEM32\ole32.dll
0x76cb0000 - 0x76d45000 	C:\WINDOWS\SYSTEM32\OLEAUT32.dll
0x6c900000 - 0x6c917000 	C:\WINDOWS\SYSTEM32\MSACM32.dll
0x74a10000 - 0x74a18000 	C:\WINDOWS\SYSTEM32\VERSION.dll
0x756e0000 - 0x7698c000 	C:\WINDOWS\SYSTEM32\SHELL32.dll
0x74f60000 - 0x74f7b000 	C:\WINDOWS\SYSTEM32\USERENV.dll
0x73620000 - 0x7363a000 	C:\WINDOWS\SYSTEM32\dwmapi.dll
0x745a0000 - 0x746eb000 	C:\WINDOWS\SYSTEM32\urlmon.dll
0x77260000 - 0x772dc000 	C:\WINDOWS\SYSTEM32\ADVAPI32.dll
0x746f0000 - 0x74755000 	C:\WINDOWS\SYSTEM32\WINSPOOL.DRV
0x749f0000 - 0x74a06000 	C:\WINDOWS\SYSTEM32\MPR.dll
0x77310000 - 0x773ca000 	C:\WINDOWS\SYSTEM32\RPCRT4.dll
0x74fe0000 - 0x74fea000 	C:\WINDOWS\SYSTEM32\CRYPTBASE.dll
0x773d0000 - 0x7754d000 	C:\WINDOWS\SYSTEM32\combase.dll
0x6ce80000 - 0x6cea3000 	C:\WINDOWS\SYSTEM32\WINMMBASE.dll
0x74e00000 - 0x74e0f000 	C:\WINDOWS\SYSTEM32\profapi.dll
0x73770000 - 0x739a2000 	C:\WINDOWS\SYSTEM32\iertutil.dll
0x73c00000 - 0x73dd5000 	C:\WINDOWS\SYSTEM32\WININET.dll
0x74f80000 - 0x74fd4000 	C:\WINDOWS\SYSTEM32\bcryptPrimitives.dll
0x754b0000 - 0x754ec000 	C:\WINDOWS\SYSTEM32\cfgmgr32.dll
0x747f0000 - 0x74811000 	C:\WINDOWS\SYSTEM32\DEVOBJ.dll
0x74d70000 - 0x74dfb000 	C:\WINDOWS\SYSTEM32\SHCORE.DLL
0x772e0000 - 0x77307000 	C:\WINDOWS\system32\IMM32.DLL
0x751f0000 - 0x75302000 	C:\WINDOWS\SYSTEM32\MSCTF.dll
0x6d030000 - 0x6d236000 	C:\WINDOWS\WinSxS\x86_microsoft.windows.common-controls_6595b64144ccf1df_6.0.9600.17415_none_a9ed7f470139b3c1\COMCTL32.dll
0x78530000 - 0x785ef000 	C:\Program Files (x86)\BlueJ\jdk\jre\bin\msvcr100.dll
0x024a0000 - 0x02842000 	C:\Program Files (x86)\BlueJ\jdk\jre\bin\client\jvm.dll
0x740e0000 - 0x740e8000 	C:\WINDOWS\SYSTEM32\WSOCK32.dll
0x77130000 - 0x77136000 	C:\WINDOWS\SYSTEM32\PSAPI.DLL
0x75010000 - 0x75060000 	C:\WINDOWS\SYSTEM32\WS2_32.dll
0x76f40000 - 0x76f47000 	C:\WINDOWS\SYSTEM32\NSI.dll
0x543c0000 - 0x543cc000 	C:\Program Files (x86)\BlueJ\jdk\jre\bin\verify.dll
0x02420000 - 0x02441000 	C:\Program Files (x86)\BlueJ\jdk\jre\bin\java.dll
0x6d7c0000 - 0x6d7e9000 	C:\Program Files (x86)\BlueJ\jdk\jre\bin\jdwp.dll
0x6ee00000 - 0x6ee07000 	C:\Program Files (x86)\BlueJ\jdk\jre\bin\npt.dll
0x53700000 - 0x53713000 	C:\Program Files (x86)\BlueJ\jdk\jre\bin\zip.dll
0x15070000 - 0x150f6000 	C:\Program Files (x86)\Common Files\G Data\AVKProxy\ExploitProtection.dll
0x74e10000 - 0x74f51000 	C:\WINDOWS\SYSTEM32\dbghelp.dll
0x74880000 - 0x74888000 	C:\WINDOWS\SYSTEM32\FltLib.dll

VM Arguments:
jvm_args: -ea -Djavafx.macosx.embedded=true -agentlib:jdwp=transport=dt_shmem,address=javadebug -Dfile.encoding=UTF-8 
java_command: bluej.runtime.ExecServer UTF-8
java_class_path (initial): C:\Program Files (x86)\BlueJ\lib\bluejcore.jar;C:\Program Files (x86)\BlueJ\lib\junit-4.8.2.jar;C:\Program Files (x86)\BlueJ\lib\userlib\pi4j-core.jar;C:\Program Files (x86)\BlueJ\lib\userlib\pi4j-device.jar;C:\Program Files (x86)\BlueJ\lib\userlib\pi4j-gpio-extension.jar;C:\Program Files (x86)\BlueJ\lib\userlib\pi4j-service.jar
Launcher Type: SUN_STANDARD

Environment Variables:
PATH=C:\Users\Lukas\Downloads\uncrustify-0.60-win32\uncrustify-0.60-win32\uncrustify.exe;C:\Program Files\Oracle\Java\javapath;C:\Program Files (x86)\Java\jre1.8.0_25\bin;C:\Program Files\Java\jdk1.8.0_25\bin;C:\Program Files (x86)\Git\bin;C:\Program Files (x86)\NVIDIA Corporation\PhysX\Common;C:\WINDOWS\system32;C:\WINDOWS;C:\WINDOWS\System32\Wbem;C:\WINDOWS\System32\WindowsPowerShell\v1.0\;C:\Program Files (x86)\ATI Technologies\ATI.ACE\Core-Static;C:\Program Files (x86)\Windows Kits\8.1\Windows Performance Toolkit\;C:\Program Files\Microsoft SQL Server\110\Tools\Binn\;C:\Program Files (x86)\Microsoft SDKs\TypeScript\1.0\;C:\Program Files\Microsoft SQL Server\120\Tools\Binn\;C:\Program Files (x86)\Lua\5.1;C:\Program Files (x86)\Lua\5.1\clibs;C:\Program Files (x86)\AMD\ATI.ACE\Core-Static;java.exe;C:\Users\Lukas\Downloads\uncrustify-0.60-win32\uncrustify-0.60-win32\uncrustify.exe;C:\Program Files\Java\jdk1.8.0_25\bin;C:\Program Files (x86)\Git\bin;c:\Users\Lukas\AppData\Local\atom\bin;C:\ProgramData\chocolatey\bin;C:\Users\Lukas\AppData\Local\atom\bin
USERNAME=Lukas
OS=Windows_NT
PROCESSOR_IDENTIFIER=Intel64 Family 6 Model 60 Stepping 3, GenuineIntel



---------------  S Y S T E M  ---------------

OS: Windows 8.1 , 64 bit Build 9600 

CPU:total 4 (4 cores per cpu, 1 threads per core) family 6 model 60 stepping 3, cmov, cx8, fxsr, mmx, sse, sse2, sse3, ssse3, sse4.1, sse4.2, popcnt, avx, avx2, aes, clmul, erms, rtm, lzcnt, tsc, tscinvbit, bmi1, bmi2

Memory: 4k page, physical 8338452k(2594988k free), swap 14892052k(7040528k free)

vm_info: Java HotSpot(TM) Client VM (25.20-b23) for windows-x86 JRE (1.8.0_20-b26), built on Jul 30 2014 18:14:41 by "java_re" with MS VC++ 10.0 (VS2010)

time: Wed Apr 29 21:13:07 2015
elapsed time: 0 seconds (0d 0h 0m 0s)

